J:\CHENM\FILELOAD\CASITMEDCLIENT - TEST\CASITMEDCLIENT\GENERATEDFILES\QRC_CASITMEDCLIENT.CPP
J:\CHENM\FILELOAD\CASITMEDCLIENT - TEST\CASITMEDCLIENT\GENERATEDFILES\RELEASE\MOC_CASITMEDCLIENT.CPP
J:\CHENM\FILELOAD\CASITMEDCLIENT - TEST\CASITMEDCLIENT\GENERATEDFILES\RELEASE\MOC_DATACHANGE.CPP
J:\CHENM\FILELOAD\CASITMEDCLIENT - TEST\CASITMEDCLIENT\GENERATEDFILES\RELEASE\MOC_FILETRANSFER.CPP
J:\CHENM\FILELOAD\CASITMEDCLIENT - TEST\CASITMEDCLIENT\GENERATEDFILES\RELEASE\MOC_FILEWATCH.CPP
J:\CHENM\FILELOAD\CASITMEDCLIENT - TEST\CASITMEDCLIENT\GENERATEDFILES\RELEASE\MOC_FIRSTWATCH.CPP
J:\CHENM\FILELOAD\CASITMEDCLIENT - TEST\CASITMEDCLIENT\GENERATEDFILES\RELEASE\MOC_INTERFACEVIEW.CPP
J:\CHENM\FILELOAD\CASITMEDCLIENT - TEST\CASITMEDCLIENT\GENERATEDFILES\RELEASE\MOC_MYTHREAD.CPP
J:\CHENM\FILELOAD\CASITMEDCLIENT - TEST\CASITMEDCLIENT\GENERATEDFILES\RELEASE\MOC_NETWATCH.CPP
J:\CHENM\FILELOAD\CASITMEDCLIENT - TEST\CASITMEDCLIENT\GENERATEDFILES\RELEASE\MOC_TRANSFERDATASTORE.CPP
J:\CHENM\FILELOAD\CASITMEDCLIENT - TEST\CASITMEDCLIENT\GENERATEDFILES\RELEASE\MOC_WATCHFILEWATCH.CPP
J:\CHENM\FILELOAD\CASITMEDCLIENT - TEST\CASITMEDCLIENT\GENERATEDFILES\UI_CASITMEDCLIENT.H
J:\CHENM\FILELOAD\CASITMEDCLIENT - TEST\CASITMEDCLIENT\RELEASE\CASITMEDCLIENT.EXE.INTERMEDIATE.MANIFEST
J:\CHENM\FILELOAD\CASITMEDCLIENT - TEST\CASITMEDCLIENT\RELEASE\CASITMEDCLIENT.OBJ
J:\CHENM\FILELOAD\CASITMEDCLIENT - TEST\CASITMEDCLIENT\RELEASE\CASITMEDCLIENT.RES
J:\chenm\fileLoad\CasitMedClient - test\CasitMedClient\Release\CasitMedClient.vcxprojResolveAssemblyReference.cache
J:\chenm\fileLoad\CasitMedClient - test\CasitMedClient\Release\Casitmedclient.write.1.tlog
J:\chenm\fileLoad\CasitMedClient - test\CasitMedClient\Release\cl.command.1.tlog
J:\chenm\fileLoad\CasitMedClient - test\CasitMedClient\Release\CL.read.1.tlog
J:\chenm\fileLoad\CasitMedClient - test\CasitMedClient\Release\CL.write.1.tlog
J:\chenm\fileLoad\CasitMedClient - test\CasitMedClient\Release\custombuild.command.1.tlog
J:\chenm\fileLoad\CasitMedClient - test\CasitMedClient\Release\custombuild.read.1.tlog
J:\chenm\fileLoad\CasitMedClient - test\CasitMedClient\Release\custombuild.write.1.tlog
J:\CHENM\FILELOAD\CASITMEDCLIENT - TEST\CASITMEDCLIENT\RELEASE\DATACHANGE.OBJ
J:\CHENM\FILELOAD\CASITMEDCLIENT - TEST\CASITMEDCLIENT\RELEASE\DIRECTORYWATCH.OBJ
J:\CHENM\FILELOAD\CASITMEDCLIENT - TEST\CASITMEDCLIENT\RELEASE\FILETRANSFER.OBJ
J:\CHENM\FILELOAD\CASITMEDCLIENT - TEST\CASITMEDCLIENT\RELEASE\FILEWATCH.OBJ
J:\CHENM\FILELOAD\CASITMEDCLIENT - TEST\CASITMEDCLIENT\RELEASE\FIRSTWATCH.OBJ
J:\CHENM\FILELOAD\CASITMEDCLIENT - TEST\CASITMEDCLIENT\RELEASE\INTERFACEVIEW.OBJ
J:\chenm\fileLoad\CasitMedClient - test\CasitMedClient\Release\link.command.1.tlog
J:\chenm\fileLoad\CasitMedClient - test\CasitMedClient\Release\link.read.1.tlog
J:\chenm\fileLoad\CasitMedClient - test\CasitMedClient\Release\link.write.1.tlog
J:\chenm\fileLoad\CasitMedClient - test\CasitMedClient\Release\link-cvtres.read.1.tlog
J:\chenm\fileLoad\CasitMedClient - test\CasitMedClient\Release\link-cvtres.write.1.tlog
J:\CHENM\FILELOAD\CASITMEDCLIENT - TEST\CASITMEDCLIENT\RELEASE\MAIN.OBJ
J:\CHENM\FILELOAD\CASITMEDCLIENT - TEST\CASITMEDCLIENT\RELEASE\MOC_CASITMEDCLIENT.OBJ
J:\CHENM\FILELOAD\CASITMEDCLIENT - TEST\CASITMEDCLIENT\RELEASE\MOC_DATACHANGE.OBJ
J:\CHENM\FILELOAD\CASITMEDCLIENT - TEST\CASITMEDCLIENT\RELEASE\MOC_FILETRANSFER.OBJ
J:\CHENM\FILELOAD\CASITMEDCLIENT - TEST\CASITMEDCLIENT\RELEASE\MOC_FILEWATCH.OBJ
J:\CHENM\FILELOAD\CASITMEDCLIENT - TEST\CASITMEDCLIENT\RELEASE\MOC_FIRSTWATCH.OBJ
J:\CHENM\FILELOAD\CASITMEDCLIENT - TEST\CASITMEDCLIENT\RELEASE\MOC_INTERFACEVIEW.OBJ
J:\CHENM\FILELOAD\CASITMEDCLIENT - TEST\CASITMEDCLIENT\RELEASE\MOC_MYTHREAD.OBJ
J:\CHENM\FILELOAD\CASITMEDCLIENT - TEST\CASITMEDCLIENT\RELEASE\MOC_NETWATCH.OBJ
J:\CHENM\FILELOAD\CASITMEDCLIENT - TEST\CASITMEDCLIENT\RELEASE\MOC_TRANSFERDATASTORE.OBJ
J:\CHENM\FILELOAD\CASITMEDCLIENT - TEST\CASITMEDCLIENT\RELEASE\MOC_WATCHFILEWATCH.OBJ
J:\chenm\fileLoad\CasitMedClient - test\CasitMedClient\Release\mt.command.1.tlog
J:\chenm\fileLoad\CasitMedClient - test\CasitMedClient\Release\mt.read.1.tlog
J:\chenm\fileLoad\CasitMedClient - test\CasitMedClient\Release\mt.write.1.tlog
J:\CHENM\FILELOAD\CASITMEDCLIENT - TEST\CASITMEDCLIENT\RELEASE\MYTHREAD.OBJ
J:\CHENM\FILELOAD\CASITMEDCLIENT - TEST\CASITMEDCLIENT\RELEASE\NETWATCH.OBJ
J:\CHENM\FILELOAD\CASITMEDCLIENT - TEST\CASITMEDCLIENT\RELEASE\QRC_CASITMEDCLIENT.OBJ
J:\chenm\fileLoad\CasitMedClient - test\CasitMedClient\Release\rc.command.1.tlog
J:\chenm\fileLoad\CasitMedClient - test\CasitMedClient\Release\rc.read.1.tlog
J:\chenm\fileLoad\CasitMedClient - test\CasitMedClient\Release\rc.write.1.tlog
J:\CHENM\FILELOAD\CASITMEDCLIENT - TEST\CASITMEDCLIENT\RELEASE\TRANSFERDATASTORE.OBJ
J:\CHENM\FILELOAD\CASITMEDCLIENT - TEST\CASITMEDCLIENT\RELEASE\WATCHFILEWATCH.OBJ
J:\CHENM\FILELOAD\CASITMEDCLIENT - TEST\WIN32\RELEASE\CASITMEDCLIENT.EXE
